[debug] [2022-12-03T07:51:38.173Z] ----------------------------------------------------------------------
[debug] [2022-12-03T07:51:38.176Z] Command:       C:\Program Files\nodejs\node.exe C:\Users\User\AppData\Roaming\npm\node_modules\firebase-tools\lib\bin\firebase.js deploy
[debug] [2022-12-03T07:51:38.177Z] CLI Version:   11.16.1
[debug] [2022-12-03T07:51:38.177Z] Platform:      win32
[debug] [2022-12-03T07:51:38.177Z] Node Version:  v16.18.0
[debug] [2022-12-03T07:51:38.179Z] Time:          Sat Dec 03 2022 13:51:38 GMT+0600 (Bangladesh Standard Time)
[debug] [2022-12-03T07:51:38.180Z] ----------------------------------------------------------------------
[debug] 
[debug] [2022-12-03T07:51:38.361Z] >>> [apiv2][query] GET https://firebase.googleapis.com/v1beta1/projects/undefined [none]
[debug] [2022-12-03T07:51:39.846Z] <<< [apiv2][status] GET https://firebase.googleapis.com/v1beta1/projects/undefined 403
[debug] [2022-12-03T07:51:39.847Z] <<< [apiv2][body] GET https://firebase.googleapis.com/v1beta1/projects/undefined {"error":{"code":403,"message":"The caller does not have permission","status":"PERMISSION_DENIED"}}
[debug] [2022-12-03T07:51:39.850Z] HTTP Error: 403, The caller does not have permission
[debug] [2022-12-03T07:51:40.414Z] FirebaseError: HTTP Error: 403, The caller does not have permission
    at responseToError (C:\Users\User\AppData\Roaming\npm\node_modules\firebase-tools\lib\responseToError.js:49:12)
    at RetryOperation._fn (C:\Users\User\AppData\Roaming\npm\node_modules\firebase-tools\lib\apiv2.js:288:77)
    at processTicksAndRejections (node:internal/process/task_queues:96:5)
[error] 
[error] Error: Failed to get Firebase project undefined. Please make sure the project exists and your account has permission to access it.
[debug] [2022-12-03T07:54:35.850Z] ----------------------------------------------------------------------
[debug] [2022-12-03T07:54:35.854Z] Command:       C:\Program Files\nodejs\node.exe C:\Users\User\AppData\Roaming\npm\node_modules\firebase-tools\lib\bin\firebase.js deploy
[debug] [2022-12-03T07:54:35.855Z] CLI Version:   11.16.1
[debug] [2022-12-03T07:54:35.855Z] Platform:      win32
[debug] [2022-12-03T07:54:35.855Z] Node Version:  v16.18.0
[debug] [2022-12-03T07:54:35.857Z] Time:          Sat Dec 03 2022 13:54:35 GMT+0600 (Bangladesh Standard Time)
[debug] [2022-12-03T07:54:35.858Z] ----------------------------------------------------------------------
[debug] 
[debug] [2022-12-03T07:54:36.035Z] >>> [apiv2][query] GET https://firebase.googleapis.com/v1beta1/projects/undefined [none]
[debug] [2022-12-03T07:54:38.856Z] <<< [apiv2][status] GET https://firebase.googleapis.com/v1beta1/projects/undefined 403
[debug] [2022-12-03T07:54:38.856Z] <<< [apiv2][body] GET https://firebase.googleapis.com/v1beta1/projects/undefined {"error":{"code":403,"message":"The caller does not have permission","status":"PERMISSION_DENIED"}}
[debug] [2022-12-03T07:54:38.858Z] HTTP Error: 403, The caller does not have permission
[debug] [2022-12-03T07:54:42.008Z] FirebaseError: HTTP Error: 403, The caller does not have permission
    at responseToError (C:\Users\User\AppData\Roaming\npm\node_modules\firebase-tools\lib\responseToError.js:49:12)
    at RetryOperation._fn (C:\Users\User\AppData\Roaming\npm\node_modules\firebase-tools\lib\apiv2.js:288:77)
    at processTicksAndRejections (node:internal/process/task_queues:96:5)
[error] 
[error] Error: Failed to get Firebase project undefined. Please make sure the project exists and your account has permission to access it.
